Сборка начата 31.10.2024 15:12:46.
Уровень детализации журнала: Normal.     1>Проект "D:\Денис\3 сем\КСиС\laba5\laba5\laba5.vcxproj" в узле 2 (целевые объекты Build).
     1>PrepareForBuild:
         Структурированный вывод включен. Форматирование диагностики компилятора будет отражать иерархию ошибок. Подробнее см. https://aka.ms/cpp/structured-output.
       InitializeBuildStatus:
         Создание "x64\Debug\laba5.tlog\unsuccessfulbuild", так как было задано "AlwaysCreate".
         Обращение к "x64\Debug\laba5.tlog\unsuccessfulbuild".
       ClCompile:
         C:\Program Files\Microsoft Visual Studio\2022\Community\VC\Tools\MSVC\14.38.33130\bin\HostX64\x64\CL.exe /c /ZI /JMC /nologo /W3 /WX- /diagnostics:column /sdl /Od /D _DEBUG /D _CONSOLE /D _UNICODE /D UNICODE /Gm- /EHsc /RTC1 /MDd /GS /fp:precise /Zc:wchar_t /Zc:forScope /Zc:inline /permissive- /Fo"x64\Debug\\" /Fd"x64\Debug\vc143.pdb" /external:W3 /Gd /TP /FC /errorReport:prompt laba5.cpp
         laba5.cpp
     1>D:\Денис\3 сем\КСиС\laba5\laba5\laba5.cpp(12,1): warning C4005: IP_DEST_NET_UNREACHABLE: изменение макроопределения
         C:\Program Files (x86)\Windows Kits\10\Include\10.0.22621.0\um\ipexport.h(173,1):
         см. предыдущее определение "IP_DEST_NET_UNREACHABLE"
         
     1>D:\Денис\3 сем\КСиС\laba5\laba5\laba5.cpp(13,1): warning C4005: IP_DEST_HOST_UNREACHABLE: изменение макроопределения
         C:\Program Files (x86)\Windows Kits\10\Include\10.0.22621.0\um\ipexport.h(174,1):
         см. предыдущее определение "IP_DEST_HOST_UNREACHABLE"
         
     1>D:\Денис\3 сем\КСиС\laba5\laba5\laba5.cpp(14,1): warning C4005: IP_DEST_PROT_UNREACHABLE: изменение макроопределения
         C:\Program Files (x86)\Windows Kits\10\Include\10.0.22621.0\um\ipexport.h(175,1):
         см. предыдущее определение "IP_DEST_PROT_UNREACHABLE"
         
     1>D:\Денис\3 сем\КСиС\laba5\laba5\laba5.cpp(15,1): warning C4005: IP_DEST_PORT_UNREACHABLE: изменение макроопределения
         C:\Program Files (x86)\Windows Kits\10\Include\10.0.22621.0\um\ipexport.h(176,1):
         см. предыдущее определение "IP_DEST_PORT_UNREACHABLE"
         
     1>D:\Денис\3 сем\КСиС\laba5\laba5\laba5.cpp(16,1): warning C4005: IP_REQ_TIMED_OUT: изменение макроопределения
         C:\Program Files (x86)\Windows Kits\10\Include\10.0.22621.0\um\ipexport.h(181,1):
         см. предыдущее определение "IP_REQ_TIMED_OUT"
         
     1>D:\Денис\3 сем\КСиС\laba5\laba5\laba5.cpp(17,1): warning C4005: IP_BAD_REQ: изменение макроопределения
         C:\Program Files (x86)\Windows Kits\10\Include\10.0.22621.0\um\ipexport.h(182,1):
         см. предыдущее определение "IP_BAD_REQ"
         
     1>D:\Денис\3 сем\КСиС\laba5\laba5\laba5.cpp(18,1): warning C4005: IP_BAD_ROUTE: изменение макроопределения
         C:\Program Files (x86)\Windows Kits\10\Include\10.0.22621.0\um\ipexport.h(183,1):
         см. предыдущее определение "IP_BAD_ROUTE"
         
     1>D:\Денис\3 сем\КСиС\laba5\laba5\laba5.cpp(19,1): warning C4005: IP_TTL_EXPIRED_TRANSIT: изменение макроопределения
         C:\Program Files (x86)\Windows Kits\10\Include\10.0.22621.0\um\ipexport.h(184,1):
         см. предыдущее определение "IP_TTL_EXPIRED_TRANSIT"
         
       Link:
         C:\Program Files\Microsoft Visual Studio\2022\Community\VC\Tools\MSVC\14.38.33130\bin\HostX64\x64\link.exe /ERRORREPORT:PROMPT /OUT:"D:\Денис\3 сем\КСиС\laba5\x64\Debug\laba5.exe" /INCREMENTAL /ILK:"x64\Debug\laba5.ilk" /NOLOGO kernel32.lib user32.lib gdi32.lib winspool.lib comdlg32.lib advapi32.lib shell32.lib ole32.lib oleaut32.lib uuid.lib odbc32.lib odbccp32.lib /MANIFEST /MANIFESTUAC:"level='asInvoker' uiAccess='false'" /manifest:embed /DEBUG /PDB:"D:\Денис\3 сем\КСиС\laba5\x64\Debug\laba5.pdb" /SUBSYSTEM:CONSOLE /TLBID:1 /DYNAMICBASE /NXCOMPAT /IMPLIB:"D:\Денис\3 сем\КСиС\laba5\x64\Debug\laba5.lib" /MACHINE:X64 x64\Debug\laba5.obj
         laba5.vcxproj -> D:\Денис\3 сем\КСиС\laba5\x64\Debug\laba5.exe
       FinalizeBuildStatus:
         Файл "x64\Debug\laba5.tlog\unsuccessfulbuild" удаляется.
         Обращение к "x64\Debug\laba5.tlog\laba5.lastbuildstate".
     1>Сборка проекта "D:\Денис\3 сем\КСиС\laba5\laba5\laba5.vcxproj" завершена (целевые объекты Build).

Сборка успешно завершена.

       "D:\Денис\3 сем\КСиС\laba5\laba5\laba5.vcxproj" (целевой объект Build ) (1) ->
       (Целевой объект ClCompile) -> 
         D:\Денис\3 сем\КСиС\laba5\laba5\laba5.cpp(12,1): warning C4005: IP_DEST_NET_UNREACHABLE: изменение макроопределения
         D:\Денис\3 сем\КСиС\laba5\laba5\laba5.cpp(13,1): warning C4005: IP_DEST_HOST_UNREACHABLE: изменение макроопределения
         D:\Денис\3 сем\КСиС\laba5\laba5\laba5.cpp(14,1): warning C4005: IP_DEST_PROT_UNREACHABLE: изменение макроопределения
         D:\Денис\3 сем\КСиС\laba5\laba5\laba5.cpp(15,1): warning C4005: IP_DEST_PORT_UNREACHABLE: изменение макроопределения
         D:\Денис\3 сем\КСиС\laba5\laba5\laba5.cpp(16,1): warning C4005: IP_REQ_TIMED_OUT: изменение макроопределения
         D:\Денис\3 сем\КСиС\laba5\laba5\laba5.cpp(17,1): warning C4005: IP_BAD_REQ: изменение макроопределения
         D:\Денис\3 сем\КСиС\laba5\laba5\laba5.cpp(18,1): warning C4005: IP_BAD_ROUTE: изменение макроопределения
         D:\Денис\3 сем\КСиС\laba5\laba5\laba5.cpp(19,1): warning C4005: IP_TTL_EXPIRED_TRANSIT: изменение макроопределения

    Предупреждений: 8
    Ошибок: 0

Прошло времени 00:00:01.98
